<?xml version="1.0" encoding="UTF-8"?>
<testng-results skipped="0" failed="0" ignored="0" total="2" passed="2">
  <reporter-output>
  </reporter-output>
  <suite name="Default suite" duration-ms="21685" started-at="2023-06-03T01:07:26 IST" finished-at="2023-06-03T01:07:48 IST">
    <groups>
    </groups>
    <test name="Default test" duration-ms="21685" started-at="2023-06-03T01:07:26 IST" finished-at="2023-06-03T01:07:48 IST">
      <class name="Luma.tests.Smoke">
        <test-method status="PASS" signature="launchUrl()[pri:0, instance:Luma.tests.Smoke@5d11346a]" name="launchUrl" is-config="true" duration-ms="8571" started-at="2023-06-03T01:07:26 IST" finished-at="2023-06-03T01:07:34 IST">
          <reporter-output>
          </reporter-output>
        </test-method> <!-- launchUrl -->
        <test-method status="PASS" signature="create_account(java.lang.String,java.lang.String,java.lang.String,java.lang.String)[pri:0, instance:Luma.tests.Smoke@5d11346a]" name="create_account" duration-ms="5860" started-at="2023-06-03T01:07:35 IST" data-provider="createAccInputs" finished-at="2023-06-03T01:07:40 IST">
          <params>
            <param index="0">
              <value>
                <![CDATA[fafa]]>
              </value>
            </param>
            <param index="1">
              <value>
                <![CDATA[duplesisa]]>
              </value>
            </param>
            <param index="2">
              <value>
                <![CDATA[fafaduplesisa@gmail.com]]>
              </value>
            </param>
            <param index="3">
              <value>
                <![CDATA[Password123]]>
              </value>
            </param>
          </params>
          <reporter-output>
          </reporter-output>
        </test-method> <!-- create_account -->
        <test-method status="PASS" signature="create_account(java.lang.String,java.lang.String,java.lang.String,java.lang.String)[pri:0, instance:Luma.tests.Smoke@5d11346a]" name="create_account" duration-ms="7147" started-at="2023-06-03T01:07:40 IST" data-provider="createAccInputs" finished-at="2023-06-03T01:07:48 IST">
          <params>
            <param index="0">
              <value>
                <![CDATA[fafb]]>
              </value>
            </param>
            <param index="1">
              <value>
                <![CDATA[duplesisb]]>
              </value>
            </param>
            <param index="2">
              <value>
                <![CDATA[fafbduplesisb@gmail.com]]>
              </value>
            </param>
            <param index="3">
              <value>
                <![CDATA[Password123]]>
              </value>
            </param>
          </params>
          <reporter-output>
          </reporter-output>
        </test-method> <!-- create_account -->
      </class> <!-- Luma.tests.Smoke -->
    </test> <!-- Default test -->
  </suite> <!-- Default suite -->
</testng-results>
